{"__type":"$$EventMessageWorkflow","id":"c07fe8a8-3b48-43b5-9609-3d339203dfc5","ts":"2025-10-11T17:38:22.933-03:00","eventName":"n8n.workflow.started","message":"n8n.workflow.started","payload":{"executionId":"4","workflowId":"gBG9iwLIbDlSLlvY","isManual":false,"workflowName":"My workflow"}}
{"__type":"$$EventMessageConfirm","confirm":"c07fe8a8-3b48-43b5-9609-3d339203dfc5","ts":"2025-10-11T17:38:22.934-03:00","source":{"id":"0","name":"eventBus"}}
{"__type":"$$EventMessageNode","id":"2049fd83-3114-4c72-8794-9564420bb787","ts":"2025-10-11T17:38:22.937-03:00","eventName":"n8n.node.started","message":"n8n.node.started","payload":{"workflowId":"gBG9iwLIbDlSLlvY","workflowName":"My workflow","executionId":"4","nodeType":"n8n-nodes-base.webhook","nodeName":"WB Recebe Requisição","nodeId":"8dd825b0-9a87-48d9-b3a7-e0af63e0243a"}}
{"__type":"$$EventMessageConfirm","confirm":"2049fd83-3114-4c72-8794-9564420bb787","ts":"2025-10-11T17:38:22.937-03:00","source":{"id":"0","name":"eventBus"}}
{"__type":"$$EventMessageNode","id":"bfc0242d-9810-443c-aec4-cacae2c5586d","ts":"2025-10-11T17:38:22.943-03:00","eventName":"n8n.node.finished","message":"n8n.node.finished","payload":{"workflowId":"gBG9iwLIbDlSLlvY","workflowName":"My workflow","executionId":"4","nodeType":"n8n-nodes-base.webhook","nodeName":"WB Recebe Requisição","nodeId":"8dd825b0-9a87-48d9-b3a7-e0af63e0243a"}}
{"__type":"$$EventMessageConfirm","confirm":"bfc0242d-9810-443c-aec4-cacae2c5586d","ts":"2025-10-11T17:38:22.943-03:00","source":{"id":"0","name":"eventBus"}}
{"__type":"$$EventMessageNode","id":"12100982-e7c3-4b98-b565-76f14058e6dd","ts":"2025-10-11T17:38:22.945-03:00","eventName":"n8n.node.started","message":"n8n.node.started","payload":{"workflowId":"gBG9iwLIbDlSLlvY","workflowName":"My workflow","executionId":"4","nodeType":"n8n-nodes-base.respondToWebhook","nodeName":"Mostra Olá Mundo","nodeId":"4e95cbdc-240f-4533-bda8-aee2a5625acf"}}
{"__type":"$$EventMessageConfirm","confirm":"12100982-e7c3-4b98-b565-76f14058e6dd","ts":"2025-10-11T17:38:22.945-03:00","source":{"id":"0","name":"eventBus"}}
{"__type":"$$EventMessageNode","id":"d261c4f5-bdda-4082-b30a-44e5f236cad3","ts":"2025-10-11T17:38:22.954-03:00","eventName":"n8n.node.finished","message":"n8n.node.finished","payload":{"workflowId":"gBG9iwLIbDlSLlvY","workflowName":"My workflow","executionId":"4","nodeType":"n8n-nodes-base.respondToWebhook","nodeName":"Mostra Olá Mundo","nodeId":"4e95cbdc-240f-4533-bda8-aee2a5625acf"}}
{"__type":"$$EventMessageConfirm","confirm":"d261c4f5-bdda-4082-b30a-44e5f236cad3","ts":"2025-10-11T17:38:22.955-03:00","source":{"id":"0","name":"eventBus"}}
{"__type":"$$EventMessageWorkflow","id":"884ec216-d0d6-41ce-bdbd-fe5f7816ffc5","ts":"2025-10-11T17:38:22.964-03:00","eventName":"n8n.workflow.success","message":"n8n.workflow.success","payload":{"executionId":"4","success":true,"isManual":true,"workflowId":"gBG9iwLIbDlSLlvY","workflowName":"My workflow"}}
{"__type":"$$EventMessageConfirm","confirm":"884ec216-d0d6-41ce-bdbd-fe5f7816ffc5","ts":"2025-10-11T17:38:22.965-03:00","source":{"id":"0","name":"eventBus"}}
{"__type":"$$EventMessageAudit","id":"fcbbcb9e-9924-4062-93c3-9e58aa65e648","ts":"2025-10-11T17:53:38.022-03:00","eventName":"n8n.audit.workflow.updated","message":"n8n.audit.workflow.updated","payload":{"userId":"a7eeff96-d226-43d2-a542-04417cc32420","_email":"sistema.gustavo@gmail.com","_firstName":"Gustavo","_lastName":"Hammes","globalRole":"global:owner","workflowId":"gBG9iwLIbDlSLlvY","workflowName":"My workflow"}}
{"__type":"$$EventMessageConfirm","confirm":"fcbbcb9e-9924-4062-93c3-9e58aa65e648","ts":"2025-10-11T17:53:38.023-03:00","source":{"id":"0","name":"eventBus"}}
{"__type":"$$EventMessageWorkflow","id":"a2d1a54a-01bc-40cc-ab3d-8721a78f7a20","ts":"2025-10-11T17:53:54.541-03:00","eventName":"n8n.workflow.started","message":"n8n.workflow.started","payload":{"executionId":"5","workflowId":"gBG9iwLIbDlSLlvY","isManual":false,"workflowName":"My workflow"}}
{"__type":"$$EventMessageConfirm","confirm":"a2d1a54a-01bc-40cc-ab3d-8721a78f7a20","ts":"2025-10-11T17:53:54.541-03:00","source":{"id":"0","name":"eventBus"}}
{"__type":"$$EventMessageNode","id":"524c1da9-46b1-432b-873b-00a2e8c32674","ts":"2025-10-11T17:53:54.544-03:00","eventName":"n8n.node.started","message":"n8n.node.started","payload":{"workflowId":"gBG9iwLIbDlSLlvY","workflowName":"My workflow","executionId":"5","nodeType":"n8n-nodes-base.webhook","nodeName":"WB Recebe Requisição","nodeId":"8dd825b0-9a87-48d9-b3a7-e0af63e0243a"}}
{"__type":"$$EventMessageConfirm","confirm":"524c1da9-46b1-432b-873b-00a2e8c32674","ts":"2025-10-11T17:53:54.544-03:00","source":{"id":"0","name":"eventBus"}}
{"__type":"$$EventMessageNode","id":"fb59e97e-6493-45c3-83ac-b68f3c1279aa","ts":"2025-10-11T17:53:54.546-03:00","eventName":"n8n.node.finished","message":"n8n.node.finished","payload":{"workflowId":"gBG9iwLIbDlSLlvY","workflowName":"My workflow","executionId":"5","nodeType":"n8n-nodes-base.webhook","nodeName":"WB Recebe Requisição","nodeId":"8dd825b0-9a87-48d9-b3a7-e0af63e0243a"}}
{"__type":"$$EventMessageConfirm","confirm":"fb59e97e-6493-45c3-83ac-b68f3c1279aa","ts":"2025-10-11T17:53:54.547-03:00","source":{"id":"0","name":"eventBus"}}
{"__type":"$$EventMessageNode","id":"57002f6a-f5aa-470f-a678-51c35051ae4e","ts":"2025-10-11T17:53:54.547-03:00","eventName":"n8n.node.started","message":"n8n.node.started","payload":{"workflowId":"gBG9iwLIbDlSLlvY","workflowName":"My workflow","executionId":"5","nodeType":"n8n-nodes-base.respondToWebhook","nodeName":"Mostra Olá Mundo","nodeId":"4e95cbdc-240f-4533-bda8-aee2a5625acf"}}
{"__type":"$$EventMessageConfirm","confirm":"57002f6a-f5aa-470f-a678-51c35051ae4e","ts":"2025-10-11T17:53:54.547-03:00","source":{"id":"0","name":"eventBus"}}
{"__type":"$$EventMessageNode","id":"15da9b13-dbc6-42e0-95ee-12ca6695f36e","ts":"2025-10-11T17:53:54.551-03:00","eventName":"n8n.node.finished","message":"n8n.node.finished","payload":{"workflowId":"gBG9iwLIbDlSLlvY","workflowName":"My workflow","executionId":"5","nodeType":"n8n-nodes-base.respondToWebhook","nodeName":"Mostra Olá Mundo","nodeId":"4e95cbdc-240f-4533-bda8-aee2a5625acf"}}
{"__type":"$$EventMessageConfirm","confirm":"15da9b13-dbc6-42e0-95ee-12ca6695f36e","ts":"2025-10-11T17:53:54.551-03:00","source":{"id":"0","name":"eventBus"}}
{"__type":"$$EventMessageWorkflow","id":"ef17f061-7e2c-420e-bbee-08d0835b39b9","ts":"2025-10-11T17:53:54.553-03:00","eventName":"n8n.workflow.success","message":"n8n.workflow.success","payload":{"executionId":"5","success":true,"isManual":true,"workflowId":"gBG9iwLIbDlSLlvY","workflowName":"My workflow"}}
{"__type":"$$EventMessageConfirm","confirm":"ef17f061-7e2c-420e-bbee-08d0835b39b9","ts":"2025-10-11T17:53:54.553-03:00","source":{"id":"0","name":"eventBus"}}
{"__type":"$$EventMessageWorkflow","id":"e3cdff80-c437-48f2-a98d-bdbef7eb4d4c","ts":"2025-10-11T18:00:22.780-03:00","eventName":"n8n.workflow.started","message":"n8n.workflow.started","payload":{"executionId":"6","workflowId":"gBG9iwLIbDlSLlvY","isManual":false,"workflowName":"My workflow"}}
{"__type":"$$EventMessageConfirm","confirm":"e3cdff80-c437-48f2-a98d-bdbef7eb4d4c","ts":"2025-10-11T18:00:22.780-03:00","source":{"id":"0","name":"eventBus"}}
{"__type":"$$EventMessageNode","id":"a49f65e4-7e5a-4eb3-bafb-45d103d49990","ts":"2025-10-11T18:00:22.781-03:00","eventName":"n8n.node.started","message":"n8n.node.started","payload":{"workflowId":"gBG9iwLIbDlSLlvY","workflowName":"My workflow","executionId":"6","nodeType":"n8n-nodes-base.respondToWebhook","nodeName":"Mostra Olá Mundo","nodeId":"4e95cbdc-240f-4533-bda8-aee2a5625acf"}}
{"__type":"$$EventMessageConfirm","confirm":"a49f65e4-7e5a-4eb3-bafb-45d103d49990","ts":"2025-10-11T18:00:22.781-03:00","source":{"id":"0","name":"eventBus"}}
{"__type":"$$EventMessageNode","id":"2ea195f1-7436-448c-97ea-67a1370699dc","ts":"2025-10-11T18:00:22.787-03:00","eventName":"n8n.node.finished","message":"n8n.node.finished","payload":{"workflowId":"gBG9iwLIbDlSLlvY","workflowName":"My workflow","executionId":"6","nodeType":"n8n-nodes-base.respondToWebhook","nodeName":"Mostra Olá Mundo","nodeId":"4e95cbdc-240f-4533-bda8-aee2a5625acf"}}
{"__type":"$$EventMessageConfirm","confirm":"2ea195f1-7436-448c-97ea-67a1370699dc","ts":"2025-10-11T18:00:22.787-03:00","source":{"id":"0","name":"eventBus"}}
{"__type":"$$EventMessageWorkflow","id":"a6657f55-235e-4083-98ce-655814a0bf0c","ts":"2025-10-11T18:00:22.791-03:00","eventName":"n8n.workflow.success","message":"n8n.workflow.success","payload":{"userId":"a7eeff96-d226-43d2-a542-04417cc32420","executionId":"6","success":true,"isManual":true,"workflowId":"gBG9iwLIbDlSLlvY","workflowName":"My workflow"}}
{"__type":"$$EventMessageConfirm","confirm":"a6657f55-235e-4083-98ce-655814a0bf0c","ts":"2025-10-11T18:00:22.792-03:00","source":{"id":"0","name":"eventBus"}}
{"__type":"$$EventMessageAudit","id":"d069935a-96ca-4ed7-a256-8b2e2550db63","ts":"2025-10-11T18:44:11.357-03:00","eventName":"n8n.audit.workflow.updated","message":"n8n.audit.workflow.updated","payload":{"userId":"a7eeff96-d226-43d2-a542-04417cc32420","_email":"sistema.gustavo@gmail.com","_firstName":"Gustavo","_lastName":"Hammes","globalRole":"global:owner","workflowId":"gBG9iwLIbDlSLlvY","workflowName":"My workflow"}}
{"__type":"$$EventMessageConfirm","confirm":"d069935a-96ca-4ed7-a256-8b2e2550db63","ts":"2025-10-11T18:44:11.357-03:00","source":{"id":"0","name":"eventBus"}}
{"__type":"$$EventMessageWorkflow","id":"497e3d8a-63b4-4154-94f0-87eb5ba6db43","ts":"2025-10-11T18:44:22.955-03:00","eventName":"n8n.workflow.started","message":"n8n.workflow.started","payload":{"executionId":"7","workflowId":"gBG9iwLIbDlSLlvY","isManual":false,"workflowName":"My workflow"}}
{"__type":"$$EventMessageConfirm","confirm":"497e3d8a-63b4-4154-94f0-87eb5ba6db43","ts":"2025-10-11T18:44:22.955-03:00","source":{"id":"0","name":"eventBus"}}
{"__type":"$$EventMessageNode","id":"47f44d11-47a9-4635-bdb8-19f0678bf1c1","ts":"2025-10-11T18:44:22.956-03:00","eventName":"n8n.node.started","message":"n8n.node.started","payload":{"workflowId":"gBG9iwLIbDlSLlvY","workflowName":"My workflow","executionId":"7","nodeType":"n8n-nodes-base.webhook","nodeName":"WB Recebe Requisição","nodeId":"8dd825b0-9a87-48d9-b3a7-e0af63e0243a"}}
{"__type":"$$EventMessageConfirm","confirm":"47f44d11-47a9-4635-bdb8-19f0678bf1c1","ts":"2025-10-11T18:44:22.956-03:00","source":{"id":"0","name":"eventBus"}}
{"__type":"$$EventMessageNode","id":"8aa9373c-a3ec-4631-9979-42b152b431df","ts":"2025-10-11T18:44:22.957-03:00","eventName":"n8n.node.finished","message":"n8n.node.finished","payload":{"workflowId":"gBG9iwLIbDlSLlvY","workflowName":"My workflow","executionId":"7","nodeType":"n8n-nodes-base.webhook","nodeName":"WB Recebe Requisição","nodeId":"8dd825b0-9a87-48d9-b3a7-e0af63e0243a"}}
{"__type":"$$EventMessageConfirm","confirm":"8aa9373c-a3ec-4631-9979-42b152b431df","ts":"2025-10-11T18:44:22.958-03:00","source":{"id":"0","name":"eventBus"}}
{"__type":"$$EventMessageNode","id":"89d0f814-baf3-4b23-ae44-a89273df413c","ts":"2025-10-11T18:44:22.959-03:00","eventName":"n8n.node.started","message":"n8n.node.started","payload":{"workflowId":"gBG9iwLIbDlSLlvY","workflowName":"My workflow","executionId":"7","nodeType":"n8n-nodes-base.respondToWebhook","nodeName":"Mostra Olá Mundo","nodeId":"4e95cbdc-240f-4533-bda8-aee2a5625acf"}}
{"__type":"$$EventMessageConfirm","confirm":"89d0f814-baf3-4b23-ae44-a89273df413c","ts":"2025-10-11T18:44:22.959-03:00","source":{"id":"0","name":"eventBus"}}
{"__type":"$$EventMessageNode","id":"93cfc1fd-a831-41ef-9f8b-0eaa3b818dd8","ts":"2025-10-11T18:44:22.972-03:00","eventName":"n8n.node.finished","message":"n8n.node.finished","payload":{"workflowId":"gBG9iwLIbDlSLlvY","workflowName":"My workflow","executionId":"7","nodeType":"n8n-nodes-base.respondToWebhook","nodeName":"Mostra Olá Mundo","nodeId":"4e95cbdc-240f-4533-bda8-aee2a5625acf"}}
{"__type":"$$EventMessageConfirm","confirm":"93cfc1fd-a831-41ef-9f8b-0eaa3b818dd8","ts":"2025-10-11T18:44:22.973-03:00","source":{"id":"0","name":"eventBus"}}
{"__type":"$$EventMessageWorkflow","id":"bbfbfa7a-4f5b-420c-a2e2-c6b86b9428ef","ts":"2025-10-11T18:44:22.977-03:00","eventName":"n8n.workflow.success","message":"n8n.workflow.success","payload":{"executionId":"7","success":true,"isManual":true,"workflowId":"gBG9iwLIbDlSLlvY","workflowName":"My workflow"}}
{"__type":"$$EventMessageConfirm","confirm":"bbfbfa7a-4f5b-420c-a2e2-c6b86b9428ef","ts":"2025-10-11T18:44:22.977-03:00","source":{"id":"0","name":"eventBus"}}
